C:\Users\jayad\OneDrive\Documents\Drawing1.dwg,Layout2,22-04-2023 10:31:10,jayad,DWG To PDF.pc3,ISO A4 (297.00 x 210.00 MM),1:1,
C:\Users\jayad\OneDrive\Documents\Drawing1.dwg,Layout2,22-04-2023 12:59:38,jayad,DWG To PDF.pc3,ISO A4 (297.00 x 210.00 MM),1:1,
C:\Users\jayad\OneDrive\Documents\Drawing1.dwg,Layout1,22-04-2023 15:44:36,jayad,DWG To PDF.pc3,ISO A4 (297.00 x 210.00 MM),1:1,
C:\Users\jayad\OneDrive\Documents\Drawing1.dwg,Layout2,30-04-2023 10:05:00,jayad,DWG To PDF.pc3,ISO A4 (297.00 x 210.00 MM),1:1,
C:\Users\jayad\OneDrive\Documents\Drawing1.dwg,Layout1,30-04-2023 10:35:09,jayad,DWG To PDF.pc3,ISO A4 (210.00 x 297.00 MM),1:1,
C:\Users\jayad\OneDrive\Documents\Drawing1.dwg,Layout1,04-05-2023 23:06:34,jayad,DWG To PDF.pc3,ISO A4 (297.00 x 210.00 MM),1:1,
C:\Users\jayad\OneDrive\Documents\Drawing1.dwg,Layout2,10-11-2023 23:54:33,jayad,DWG To PDF.pc3,ISO A4 (297.00 x 210.00 MM),1:1,
C:\Users\jayad\OneDrive\Documents\Drawing1.dwg,Layout1,05-05-2023 00:12:07,jayad,DWG To PDF.pc3,ISO A4 (297.00 x 210.00 MM),1:1,
C:\Users\jayad\OneDrive\Documents\Drawing1.dwg,Layout1,05-05-2023 00:49:16,jayad,DWG To PDF.pc3,ISO A4 (297.00 x 210.00 MM),1:1,
C:\Users\jayad\OneDrive\Documents\Drawing1.dwg,Layout1,05-05-2023 13:37:26,jayad,DWG To PDF.pc3,ISO A4 (297.00 x 210.00 MM),1:1,
C:\Users\jayad\OneDrive\Documents\Drawing1.dwg,Layout1,05-05-2023 13:47:27,jayad,DWG To PDF.pc3,ISO A4 (297.00 x 210.00 MM),1:1,
C:\Users\jayad\OneDrive\Documents\Drawing1.dwg,Layout1,05-05-2023 14:47:10,jayad,DWG To PDF.pc3,ISO A4 (297.00 x 210.00 MM),1:1,
C:\Users\jayad\OneDrive\Documents\Drawing1.dwg,Layout1,05-05-2023 16:04:42,jayad,DWG To PDF.pc3,ISO A4 (297.00 x 210.00 MM),1:1,
C:\Users\jayad\OneDrive\Documents\22A81A05F9_9.dwg,Layout1,07-05-2023 00:38:20,jayad,DWG To PDF.pc3,ISO A4 (297.00 x 210.00 MM),1:1,
C:\Users\jayad\OneDrive\Documents\22A81A05F9_9.dwg,Layout1,07-05-2023 11:07:00,jayad,DWG To PDF.pc3,ISO expand A4 (297.00 x 210.00 MM),1:1,
C:\Users\jayad\OneDrive\Documents\parabola.dwg,Layout1,07-05-2023 12:48:19,jayad,DWG To PDF.pc3,ISO A4 (297.00 x 210.00 MM),1:1,
C:\Users\jayad\OneDrive\Documents\Absicssa.dwg,Layout1,07-05-2023 13:48:23,jayad,DWG To PDF.pc3,ISO A4 (297.00 x 210.00 MM),1:1,
C:\Users\jayad\OneDrive\Documents\Hyperbola by rectangular method.dwg,Layout1,07-05-2023 13:53:21,jayad,DWG To PDF.pc3,ISO expand A4 (297.00 x 210.00 MM),1:1,
C:\Users\jayad\OneDrive\Documents\parabola by general method.dwg,Layout1,07-05-2023 13:58:12,jayad,DWG To PDF.pc3,ISO A4 (297.00 x 210.00 MM),1:1,
C:\Users\jayad\OneDrive\Documents\HYPERBOLA BY GENERAL MEHOD.dwg,Layout1,07-05-2023 14:01:19,jayad,DWG To PDF.pc3,ISO A4 (297.00 x 210.00 MM),1:1,
C:\Users\jayad\OneDrive\Documents\Absicssa.dwg,Layout1,07-05-2023 14:27:03,jayad,DWG To PDF.pc3,ISO A4 (297.00 x 210.00 MM),1:1,
C:\Users\jayad\OneDrive\Documents\HYPERBOLA BY GENERAL MEHOD.dwg,Layout1,07-05-2023 14:31:02,jayad,DWG To PDF.pc3,ISO A4 (297.00 x 210.00 MM),1:1,
C:\Users\jayad\OneDrive\Documents\Hyperbola by rectangular method.dwg,Layout1,07-05-2023 15:04:05,jayad,DWG To PDF.pc3,ISO A4 (297.00 x 210.00 MM),1:1,
C:\Users\jayad\OneDrive\Documents\Hyperbola by rectangular method.dwg,Layout1,07-05-2023 15:04:33,jayad,DWG To PDF.pc3,ISO A4 (297.00 x 210.00 MM),1:1,
C:\Users\jayad\OneDrive\Documents\parabola by general method.dwg,Layout1,07-05-2023 15:07:15,jayad,DWG To PDF.pc3,ISO A4 (297.00 x 210.00 MM),1:1,
C:\Users\jayad\OneDrive\Documents\parabola.dwg,Layout1,07-05-2023 15:10:45,jayad,DWG To PDF.pc3,ISO A4 (297.00 x 210.00 MM),1:1,
C:\Users\jayad\OneDrive\Documents\HYPERBOLA BY GENERAL MEHOD.dwg,Layout2,07-05-2023 15:18:25,jayad,DWG To PDF.pc3,ISO A4 (297.00 x 210.00 MM),1:1,
C:\Users\jayad\OneDrive\Documents\Drawing1.dwg,Layout1,07-05-2023 15:30:14,jayad,DWG To PDF.pc3,ISO A4 (297.00 x 210.00 MM),1:1,
C:\Users\jayad\OneDrive\Documents\Drawing1.dwg,Layout1,07-05-2023 15:44:43,jayad,DWG To PDF.pc3,ISO A4 (297.00 x 210.00 MM),1:1,
C:\Users\jayad\OneDrive\Documents\Drawing1.dwg,Layout1,07-05-2023 16:14:35,jayad,DWG To PDF.pc3,ISO A4 (297.00 x 210.00 MM),1:1,
C:\Users\jayad\OneDrive\Documents\CYCLOID.dwg,Layout1,16-05-2023 21:43:48,jayad,DWG To PDF.pc3,ISO A4 (297.00 x 210.00 MM),1:1,
C:\Users\jayad\OneDrive\Documents\epicycloid.dwg,Layout1,16-05-2023 21:45:23,jayad,DWG To PDF.pc3,ISO A4 (297.00 x 210.00 MM),1:1,
C:\Users\jayad\OneDrive\Documents\hypocycloid.dwg,Layout1,16-05-2023 21:46:37,jayad,DWG To PDF.pc3,ISO A4 (297.00 x 210.00 MM),1:1,
C:\Users\jayad\OneDrive\Documents\veriner scale.dwg,Layout1,16-05-2023 21:48:26,jayad,DWG To PDF.pc3,ISO A4 (297.00 x 210.00 MM),1:1,
C:\Users\jayad\OneDrive\Documents\ANGULAR.dwg,Layout1,16-05-2023 22:20:24,jayad,DWG To PDF.pc3,ISO A4 (297.00 x 210.00 MM),1:1,
C:\Users\jayad\OneDrive\Documents\Drawing1.dwg,Layout1,16-05-2023 22:38:56,jayad,DWG To PDF.pc3,ISO A4 (297.00 x 210.00 MM),1:1,
C:\Users\jayad\OneDrive\Documents\CYCLOID.dwg,Layout1,16-05-2023 22:40:05,jayad,DWG To PDF.pc3,ISO A4 (210.00 x 297.00 MM),1:1,
C:\Users\jayad\OneDrive\Documents\veriner scale.dwg,Layout1,17-05-2023 09:06:11,jayad,DWG To PDF.pc3,ISO A4 (297.00 x 210.00 MM),1:1,
C:\Users\jayad\OneDrive\Documents\hypocycloid.dwg,Layout1,17-05-2023 09:07:48,jayad,DWG To PDF.pc3,ISO A4 (297.00 x 210.00 MM),1:1,
C:\Users\jayad\OneDrive\Documents\epicycloid.dwg,Layout1,17-05-2023 09:08:58,jayad,DWG To PDF.pc3,ISO A4 (297.00 x 210.00 MM),1:1,
C:\Users\jayad\OneDrive\Documents\ANGULAR.dwg,Layout1,17-05-2023 09:10:40,jayad,DWG To PDF.pc3,ISO A4 (297.00 x 210.00 MM),1:1,
C:\Users\jayad\OneDrive\Documents\Drawing1.dwg,Model,03-06-2023 17:53:15,jayad,DWG To PDF.pc3,ISO A4 (210.00 x 297.00 MM),1:3.68677,
C:\Users\jayad\AppData\Local\Microsoft\Windows\INetCache\IE\22GBDVZO\projection_pf_lines_Q2[1].dwg,Layout1,21-07-2023 11:07:33,jayad,DWG To PDF.pc3,ISO A4 (297.00 x 210.00 MM),1:0.0393701,
C:\Users\jayad\AppData\Local\Microsoft\Windows\INetCache\IE\3T1L0B6L\projection_of_points_Q2[1].dwg,Layout1,21-07-2023 11:09:49,jayad,DWG To PDF.pc3,ISO A4 (210.00 x 297.00 MM),1:0.0393701,
C:\Users\jayad\AppData\Local\Microsoft\Windows\INetCache\IE\S936KR85\projection_of_points_Q4[1].dwg,Layout1,21-07-2023 11:15:33,jayad,DWG To PDF.pc3,ISO A4 (210.00 x 297.00 MM),1:0.0393701,
C:\Users\jayad\AppData\Local\Microsoft\Windows\INetCache\IE\S936KR85\projection_of_points_Q3[1].dwg,Layout1,21-07-2023 14:55:49,jayad,DWG To PDF.pc3,ISO expand A4 (210.00 x 297.00 MM),1:0.0393701,
C:\Users\jayad\AppData\Local\Microsoft\Windows\INetCache\IE\22GBDVZO\projection_pf_lines_Q2[1].dwg,Layout1,21-07-2023 15:03:03,jayad,DWG To PDF.pc3,ISO expand A4 (210.00 x 297.00 MM),1:0.0393701,
C:\Users\jayad\AppData\Local\Microsoft\Windows\INetCache\IE\S936KR85\projection_of_lines_Q3[1].dwg,Layout1,21-07-2023 15:04:13,jayad,DWG To PDF.pc3,ISO A4 (297.00 x 210.00 MM),1:0.0393701,
C:\Users\jayad\AppData\Local\Microsoft\Windows\INetCache\IE\VV4UT2KG\projection_of_lines_Q5[1].dwg,Layout1,21-07-2023 15:05:15,jayad,DWG To PDF.pc3,ISO A4 (210.00 x 297.00 MM),1:0.0393701,
C:\Users\jayad\AppData\Local\Microsoft\Windows\INetCache\IE\3T1L0B6L\projection_of_lines_Q1[1].dwg,Layout1,21-07-2023 15:06:13,jayad,DWG To PDF.pc3,ISO A4 (210.00 x 297.00 MM),1:0.0393701,
C:\Users\jayad\AppData\Local\Microsoft\Windows\INetCache\IE\VV4UT2KG\projection_of_points_Q1[1].dwg,Layout2,21-07-2023 15:09:18,jayad,DWG To PDF.pc3,ISO A4 (210.00 x 297.00 MM),1:0.0393701,
C:\Users\jayad\AppData\Local\Microsoft\Windows\INetCache\IE\S936KR85\projection_of_lines_Q4[2].dwg,Layout1,21-07-2023 15:10:23,jayad,DWG To PDF.pc3,ISO A4 (210.00 x 297.00 MM),1:0.0393701,
C:\Users\jayad\AppData\Local\Microsoft\Windows\INetCache\IE\VV4UT2KG\3.11 Drawing1[1].dwg,Layout2,21-07-2023 15:21:14,jayad,DWG To PDF.pc3,ISO A4 (210.00 x 297.00 MM),1:0.0393701,
C:\Users\jayad\AppData\Local\Microsoft\Windows\INetCache\IE\VV4UT2KG\3.10 Drawing1[1].dwg,Layout2,21-07-2023 15:27:41,jayad,DWG To PDF.pc3,ISO A4 (210.00 x 297.00 MM),1:0.0393701,
C:\Users\jayad\AppData\Local\Microsoft\Windows\INetCache\IE\VV4UT2KG\22a81a05f9-7[1].dwg,Layout1,21-07-2023 15:35:46,jayad,DWG To PDF.pc3,ISO A4 (210.00 x 297.00 MM),1:0.0393701,
C:\Users\jayad\AppData\Local\Microsoft\Windows\INetCache\IE\VV4UT2KG\cone in solids[1].dwg,Layout2,21-07-2023 15:47:08,jayad,DWG To PDF.pc3,ISO A4 (210.00 x 297.00 MM),1:0.0393701,
C:\Users\jayad\AppData\Local\Microsoft\Windows\INetCache\IE\S936KR85\hexagonal pyramid q3[1].dwg,Layout1,21-07-2023 15:50:20,jayad,DWG To PDF.pc3,ISO A4 (210.00 x 297.00 MM),1:0.0393701,
C:\Users\jayad\AppData\Local\Microsoft\Windows\INetCache\IE\S936KR85\plains-4[1].dwg,Layout1,21-07-2023 16:01:33,jayad,DWG To PDF.pc3,ISO expand A4 (210.00 x 297.00 MM),1:1,
C:\Users\jayad\AppData\Local\Microsoft\Windows\INetCache\IE\VV4UT2KG\plains-3[1].dwg,Layout1,21-07-2023 16:05:30,jayad,DWG To PDF.pc3,ISO A4 (210.00 x 297.00 MM),1:1,
C:\Users\jayad\AppData\Local\Microsoft\Windows\INetCache\IE\VV4UT2KG\projections of solids-3[1].dwg,Layout1,21-07-2023 16:27:33,jayad,DWG To PDF.pc3,ISO A4 (210.00 x 297.00 MM),1:1,
C:\Users\jayad\AppData\Local\Microsoft\Windows\INetCache\IE\22GBDVZO\projections of solids-1[2].dwg,Layout1,21-07-2023 16:30:29,jayad,DWG To PDF.pc3,ISO A4 (210.00 x 297.00 MM),1:1,
C:\Users\jayad\AppData\Local\Microsoft\Windows\INetCache\IE\S936KR85\develop ment of solids-1[1].dwg,Layout1,21-07-2023 16:51:52,jayad,DWG To PDF.pc3,ISO A4 (210.00 x 297.00 MM),1:0.0393701,
C:\Users\jayad\AppData\Local\Microsoft\Windows\INetCache\IE\VV4UT2KG\develop ment of solids-2[1].dwg,Layout1,21-07-2023 16:55:22,jayad,DWG To PDF.pc3,ISO A4 (210.00 x 297.00 MM),1:0.0393701,
C:\Users\jayad\AppData\Local\Microsoft\Windows\INetCache\IE\VV4UT2KG\cylinder[1].dwg,Layout1,21-07-2023 21:29:21,jayad,DWG To PDF.pc3,ISO A4 (210.00 x 297.00 MM),1:0.0393701,
C:\Users\jayad\AppData\Local\Microsoft\Windows\INetCache\IE\3T1L0B6L\cone[1].dwg,Layout2,21-07-2023 21:30:33,jayad,DWG To PDF.pc3,ISO A4 (210.00 x 297.00 MM),1:1,
C:\Users\jayad\AppData\Local\Microsoft\Windows\INetCache\IE\VV4UT2KG\projection_of_lines_Q4[1].dwg,Layout1,21-07-2023 21:40:58,jayad,DWG To PDF.pc3,ISO expand A4 (210.00 x 297.00 MM),1:0.0393701,
C:\Users\jayad\AppData\Local\Microsoft\Windows\INetCache\IE\S936KR85\projection_of_points_Q1[1].dwg,Layout1,21-07-2023 21:41:52,jayad,DWG To PDF.pc3,ISO A4 (210.00 x 297.00 MM),1:0.0393701,
C:\Users\jayad\AppData\Local\Microsoft\Windows\INetCache\IE\VV4UT2KG\projection_of_lines_Q1[1].dwg,Layout2,21-07-2023 21:49:54,jayad,DWG To PDF.pc3,ISO expand A4 (210.00 x 297.00 MM),1:0.0393701,
C:\Users\jayad\AppData\Local\Microsoft\Windows\INetCache\IE\VV4UT2KG\projection_of_lines_Q4[1].dwg,Layout1,21-07-2023 21:51:20,jayad,DWG To PDF.pc3,ISO A4 (210.00 x 297.00 MM),1:0.0393701,
C:\Users\jayad\AppData\Local\Microsoft\Windows\INetCache\IE\S936KR85\projection_of_points_Q1[1].dwg,Layout1,21-07-2023 21:52:33,jayad,DWG To PDF.pc3,ISO A4 (210.00 x 297.00 MM),1:0.0393701,
C:\Users\jayad\AppData\Local\Microsoft\Windows\INetCache\IE\VV4UT2KG\projection_of_lines_Q5[1].dwg,Layout1,21-07-2023 21:54:04,jayad,DWG To PDF.pc3,ISO A4 (210.00 x 297.00 MM),1:0.0393701,
C:\Users\jayad\AppData\Local\Microsoft\Windows\INetCache\IE\S936KR85\projection_of_lines_Q3[1].dwg,Layout1,21-07-2023 21:55:12,jayad,DWG To PDF.pc3,ISO expand A4 (210.00 x 297.00 MM),1:0.0393701,
C:\Users\jayad\AppData\Local\Microsoft\Windows\INetCache\IE\3T1L0B6L\projection_pf_lines_Q2[1].dwg,Layout1,21-07-2023 21:56:23,jayad,DWG To PDF.pc3,ISO expand A4 (210.00 x 297.00 MM),1:0.0393701,
C:\Users\jayad\AppData\Local\Microsoft\Windows\INetCache\IE\S936KR85\projection_of_points_Q4[1].dwg,Layout1,21-07-2023 21:58:01,jayad,DWG To PDF.pc3,ISO A4 (210.00 x 297.00 MM),1:0.0393701,
C:\Users\jayad\AppData\Local\Microsoft\Windows\INetCache\IE\S936KR85\projection_of_points_Q3[1].dwg,Layout1,21-07-2023 21:59:16,jayad,DWG To PDF.pc3,ISO expand A4 (210.00 x 297.00 MM),1:0.0393701,
C:\Users\jayad\AppData\Local\Microsoft\Windows\INetCache\IE\3T1L0B6L\projection_of_points_Q2[1].dwg,Layout1,21-07-2023 22:00:21,jayad,DWG To PDF.pc3,ISO A4 (210.00 x 297.00 MM),1:0.0393701,
C:\Users\jayad\AppData\Local\Microsoft\Windows\INetCache\IE\VV4UT2KG\develop_ment_of_solids-2[1].dwg,Layout1,21-07-2023 22:02:36,jayad,DWG To PDF.pc3,ISO A4 (210.00 x 297.00 MM),1:0.0393701,
C:\Users\jayad\AppData\Local\Microsoft\Windows\INetCache\IE\3T1L0B6L\develop_ment_of_solids-1[1].dwg,Layout1,21-07-2023 22:04:36,jayad,DWG To PDF.pc3,ISO expand A4 (210.00 x 297.00 MM),1:0.0393701,
C:\Users\jayad\AppData\Local\Microsoft\Windows\INetCache\IE\22GBDVZO\projections_of_solids-1[2].dwg,Layout2,21-07-2023 22:07:29,jayad,DWG To PDF.pc3,ISO A4 (210.00 x 297.00 MM),1:1,
C:\Users\jayad\AppData\Local\Microsoft\Windows\INetCache\IE\22GBDVZO\projectons_of_solids-3[2].dwg,Layout2,21-07-2023 22:09:00,jayad,DWG To PDF.pc3,ISO A4 (210.00 x 297.00 MM),1:1,
C:\Users\jayad\AppData\Local\Microsoft\Windows\INetCache\IE\VV4UT2KG\projections_of_solids-3[1].dwg,Layout2,21-07-2023 22:10:47,jayad,DWG To PDF.pc3,ISO A4 (210.00 x 297.00 MM),1:1,
C:\Users\jayad\AppData\Local\Microsoft\Windows\INetCache\IE\VV4UT2KG\plains-3[1].dwg,Layout2,21-07-2023 22:12:25,jayad,DWG To PDF.pc3,ISO A4 (210.00 x 297.00 MM),1:1,
C:\Users\jayad\AppData\Local\Microsoft\Windows\INetCache\IE\3T1L0B6L\planes-1[1].dwg,Layout2,21-07-2023 22:13:55,jayad,DWG To PDF.pc3,ISO A4 (210.00 x 297.00 MM),1:1,
C:\Users\jayad\AppData\Local\Microsoft\Windows\INetCache\IE\22GBDVZO\plains-4[1].dwg,Layout2,21-07-2023 22:15:02,jayad,DWG To PDF.pc3,ISO A4 (210.00 x 297.00 MM),1:1,
C:\Users\jayad\AppData\Local\Microsoft\Windows\INetCache\IE\22GBDVZO\planes-2[2].dwg,Layout2,21-07-2023 22:16:27,jayad,DWG To PDF.pc3,ISO A4 (210.00 x 297.00 MM),1:1,
C:\Users\jayad\AppData\Local\Microsoft\Windows\INetCache\IE\VV4UT2KG\ortho to isometric 2[1].dwg,Layout1,21-07-2023 22:31:14,jayad,DWG To PDF.pc3,ISO A4 (210.00 x 297.00 MM),1:1,
C:\Users\jayad\AppData\Local\Microsoft\Windows\INetCache\IE\3T1L0B6L\ortho to isometric1[1].dwg,Layout1,21-07-2023 22:32:03,jayad,DWG To PDF.pc3,ISO A4 (210.00 x 297.00 MM),1:1,
C:\Users\jayad\AppData\Local\Microsoft\Windows\INetCache\IE\22GBDVZO\isometric to ortho 2[2].dwg,Layout2,21-07-2023 22:33:55,jayad,DWG To PDF.pc3,ISO A4 (210.00 x 297.00 MM),1:1,
C:\Users\jayad\AppData\Local\Microsoft\Windows\INetCache\IE\S936KR85\Isometric to otho 1[1].dwg,Layout2,21-07-2023 22:34:46,jayad,DWG To PDF.pc3,ISO A4 (210.00 x 297.00 MM),1:1,
C:\Users\jayad\AppData\Local\Microsoft\Windows\INetCache\IE\VV4UT2KG\Hexagonal prism[1].dwg,Layout1,21-07-2023 22:36:07,jayad,DWG To PDF.pc3,ISO A4 (210.00 x 297.00 MM),1:1,
C:\Users\jayad\AppData\Local\Microsoft\Windows\INetCache\IE\S936KR85\Square pyramid[1].dwg,Layout1,21-07-2023 22:38:30,jayad,DWG To PDF.pc3,ISO A4 (210.00 x 297.00 MM),1:1,
C:\Users\jayad\AppData\Local\Microsoft\Windows\INetCache\IE\3T1L0B6L\cone[1].dwg,Layout2,21-07-2023 22:39:28,jayad,DWG To PDF.pc3,ISO A4 (297.00 x 210.00 MM),1:1,
C:\Users\jayad\AppData\Local\Microsoft\Windows\INetCache\IE\VV4UT2KG\cylinder[1].dwg,Layout1,21-07-2023 22:40:16,jayad,DWG To PDF.pc3,ISO A4 (210.00 x 297.00 MM),1:0.0393701,
